# JRE version: Java(TM) SE Runtime Environment (8.0_131-b11) (build 1.8.0_131-b11)
# Java VM: Java HotSpot(TM) 64-Bit Server VM (25.131-b11 mixed mode windows-amd64 compressed oops)
Heap:
 PSYoungGen      total 192512K, used 63698K [0x000000076b900000, 0x000000077d480000, 0x00000007c0000000)
  eden space 176128K, 32% used [0x000000076b900000,0x000000076f193a10,0x0000000776500000)
  from space 16384K, 35% used [0x0000000776500000,0x0000000776aa0ec8,0x0000000777500000)
  to   space 16384K, 0% used [0x000000077c480000,0x000000077c480000,0x000000077d480000)
 ParOldGen       total 147968K, used 20073K [0x00000006c2a00000, 0x00000006cba80000, 0x000000076b900000)
  object space 147968K, 13% used [0x00000006c2a00000,0x00000006c3d9a478,0x00000006cba80000)
 Metaspace       used 44059K, capacity 45074K, committed 45144K, reserved 1087488K
  class space    used 6183K, capacity 6490K, committed 6528K, reserved 1048576K
GC Heap History (10 events):
Event: 4.040 GC heap before
{Heap before GC invocations=5 (full 1):
 PSYoungGen      total 75776K, used 65024K [0x000000076b900000, 0x0000000774d00000, 0x00000007c0000000)
  eden space 65024K, 100% used [0x000000076b900000,0x000000076f880000,0x000000076f880000)
  from space 10752K, 0% used [0x000000076f880000,0x000000076f880000,0x0000000770300000)
  to   space 10752K, 0% used [0x0000000774280000,0x0000000774280000,0x0000000774d00000)
 ParOldGen       total 95232K, used 7795K [0x00000006c2a00000, 0x00000006c8700000, 0x000000076b900000)
  object space 95232K, 8% used [0x00000006c2a00000,0x00000006c319ccf8,0x00000006c8700000)
 Metaspace       used 26461K, capacity 26920K, committed 27264K, reserved 1073152K
  class space    used 3718K, capacity 3890K, committed 3968K, reserved 1048576K
Event: 4.045 GC heap after
Heap after GC invocations=5 (full 1):
 PSYoungGen      total 115200K, used 6383K [0x000000076b900000, 0x0000000774900000, 0x00000007c0000000)
  eden space 108544K, 0% used [0x000000076b900000,0x000000076b900000,0x0000000772300000)
  from space 6656K, 95% used [0x0000000774280000,0x00000007748bbef8,0x0000000774900000)
  to   space 10752K, 0% used [0x0000000773400000,0x0000000773400000,0x0000000773e80000)
 ParOldGen       total 95232K, used 7803K [0x00000006c2a00000, 0x00000006c8700000, 0x000000076b900000)
  object space 95232K, 8% used [0x00000006c2a00000,0x00000006c319ecf8,0x00000006c8700000)
 Metaspace       used 26461K, capacity 26920K, committed 27264K, reserved 1073152K
  class space    used 3718K, capacity 3890K, committed 3968K, reserved 1048576K
}
Event: 5.216 GC heap before
{Heap before GC invocations=6 (full 1):
 PSYoungGen      total 115200K, used 114927K [0x000000076b900000, 0x0000000774900000, 0x00000007c0000000)
  eden space 108544K, 100% used [0x000000076b900000,0x0000000772300000,0x0000000772300000)
  from space 6656K, 95% used [0x0000000774280000,0x00000007748bbef8,0x0000000774900000)
  to   space 10752K, 0% used [0x0000000773400000,0x0000000773400000,0x0000000773e80000)
 ParOldGen       total 95232K, used 7803K [0x00000006c2a00000, 0x00000006c8700000, 0x000000076b900000)
  object space 95232K, 8% used [0x00000006c2a00000,0x00000006c319ecf8,0x00000006c8700000)
 Metaspace       used 33669K, capacity 34176K, committed 34560K, reserved 1079296K
  class space    used 4631K, capacity 4771K, committed 4864K, reserved 1048576K
Event: 5.226 GC heap after
Heap after GC invocations=6 (full 1):
 PSYoungGen      total 136704K, used 10728K [0x000000076b900000, 0x0000000778400000, 0x00000007c0000000)
  eden space 125952K, 0% used [0x000000076b900000,0x000000076b900000,0x0000000773400000)
  from space 10752K, 99% used [0x0000000773400000,0x0000000773e7a130,0x0000000773e80000)
  to   space 15360K, 0% used [0x0000000777500000,0x0000000777500000,0x0000000778400000)
 ParOldGen       total 95232K, used 9430K [0x00000006c2a00000, 0x00000006c8700000, 0x000000076b900000)
  object space 95232K, 9% used [0x00000006c2a00000,0x00000006c3335968,0x00000006c8700000)
 Metaspace       used 33669K, capacity 34176K, committed 34560K, reserved 1079296K
  class space    used 4631K, capacity 4771K, committed 4864K, reserved 1048576K
}
Event: 5.534 GC heap before
{Heap before GC invocations=7 (full 1):
 PSYoungGen      total 136704K, used 55979K [0x000000076b900000, 0x0000000778400000, 0x00000007c0000000)
  eden space 125952K, 35% used [0x000000076b900000,0x000000076e530d98,0x0000000773400000)
  from space 10752K, 99% used [0x0000000773400000,0x0000000773e7a130,0x0000000773e80000)
  to   space 15360K, 0% used [0x0000000777500000,0x0000000777500000,0x0000000778400000)
 ParOldGen       total 95232K, used 9430K [0x00000006c2a00000, 0x00000006c8700000, 0x000000076b900000)
  object space 95232K, 9% used [0x00000006c2a00000,0x00000006c3335968,0x00000006c8700000)
 Metaspace       used 34684K, capacity 35226K, committed 35416K, reserved 1079296K
  class space    used 4789K, capacity 4992K, committed 4992K, reserved 1048576K
Event: 5.542 GC heap after
Heap after GC invocations=7 (full 1):
 PSYoungGen      total 191488K, used 12755K [0x000000076b900000, 0x000000077a600000, 0x00000007c0000000)
  eden space 176128K, 0% used [0x000000076b900000,0x000000076b900000,0x0000000776500000)
  from space 15360K, 83% used [0x0000000777500000,0x0000000778174ff0,0x0000000778400000)
  to   space 16384K, 0% used [0x0000000776500000,0x0000000776500000,0x0000000777500000)
 ParOldGen       total 95232K, used 9502K [0x00000006c2a00000, 0x00000006c8700000, 0x000000076b900000)
  object space 95232K, 9% used [0x00000006c2a00000,0x00000006c3347978,0x00000006c8700000)
 Metaspace       used 34684K, capacity 35226K, committed 35416K, reserved 1079296K
  class space    used 4789K, capacity 4992K, committed 4992K, reserved 1048576K
}
Event: 5.542 GC heap before
{Heap before GC invocations=8 (full 2):
 PSYoungGen      total 191488K, used 12755K [0x000000076b900000, 0x000000077a600000, 0x00000007c0000000)
  eden space 176128K, 0% used [0x000000076b900000,0x000000076b900000,0x0000000776500000)
  from space 15360K, 83% used [0x0000000777500000,0x0000000778174ff0,0x0000000778400000)
  to   space 16384K, 0% used [0x0000000776500000,0x0000000776500000,0x0000000777500000)
 ParOldGen       total 95232K, used 9502K [0x00000006c2a00000, 0x00000006c8700000, 0x000000076b900000)
  object space 95232K, 9% used [0x00000006c2a00000,0x00000006c3347978,0x00000006c8700000)
 Metaspace       used 34684K, capacity 35226K, committed 35416K, reserved 1079296K
  class space    used 4789K, capacity 4992K, committed 4992K, reserved 1048576K
Event: 5.593 GC heap after
Heap after GC invocations=8 (full 2):
 PSYoungGen      total 191488K, used 0K [0x000000076b900000, 0x000000077a600000, 0x00000007c0000000)
  eden space 176128K, 0% used [0x000000076b900000,0x000000076b900000,0x0000000776500000)
  from space 15360K, 0% used [0x0000000777500000,0x0000000777500000,0x0000000778400000)
  to   space 16384K, 0% used [0x0000000776500000,0x0000000776500000,0x0000000777500000)
 ParOldGen       total 147968K, used 19993K [0x00000006c2a00000, 0x00000006cba80000, 0x000000076b900000)
  object space 147968K, 13% used [0x00000006c2a00000,0x00000006c3d86450,0x00000006cba80000)
 Metaspace       used 34684K, capacity 35226K, committed 35416K, reserved 1079296K
  class space    used 4789K, capacity 4992K, committed 4992K, reserved 1048576K
}
Event: 8.556 GC heap before
{Heap before GC invocations=9 (full 2):
 PSYoungGen      total 191488K, used 176128K [0x000000076b900000, 0x000000077a600000, 0x00000007c0000000)
  eden space 176128K, 100% used [0x000000076b900000,0x0000000776500000,0x0000000776500000)
  from space 15360K, 0% used [0x0000000777500000,0x0000000777500000,0x0000000778400000)
  to   space 16384K, 0% used [0x0000000776500000,0x0000000776500000,0x0000000777500000)
 ParOldGen       total 147968K, used 19993K [0x00000006c2a00000, 0x00000006cba80000, 0x000000076b900000)
  object space 147968K, 13% used [0x00000006c2a00000,0x00000006c3d86450,0x00000006cba80000)
 Metaspace       used 41910K, capacity 42572K, committed 42712K, reserved 1085440K
  class space    used 5823K, capacity 6063K, committed 6144K, reserved 1048576K
Event: 8.561 GC heap after
Heap after GC invocations=9 (full 2):
 PSYoungGen      total 192512K, used 5763K [0x000000076b900000, 0x000000077d480000, 0x00000007c0000000)
  eden space 176128K, 0% used [0x000000076b900000,0x000000076b900000,0x0000000776500000)
  from space 16384K, 35% used [0x0000000776500000,0x0000000776aa0ec8,0x0000000777500000)
  to   space 16384K, 0% used [0x000000077c480000,0x000000077c480000,0x000000077d480000)
 ParOldGen       total 147968K, used 20073K [0x00000006c2a00000, 0x00000006cba80000, 0x000000076b900000)
  object space 147968K, 13% used [0x00000006c2a00000,0x00000006c3d9a478,0x00000006cba80000)
 Metaspace       used 41910K, capacity 42572K, committed 42712K, reserved 1085440K
  class space    used 5823K, capacity 6063K, committed 6144K, reserved 1048576K
}

