# JRE version: Java(TM) SE Runtime Environment (8.0_131-b11) (build 1.8.0_131-b11)
# Java VM: Java HotSpot(TM) 64-Bit Server VM (25.131-b11 mixed mode windows-amd64 compressed oops)
Heap:
 PSYoungGen      total 145920K, used 78599K [0x000000076b900000, 0x0000000778080000, 0x00000007c0000000)
  eden space 130048K, 58% used [0x000000076b900000,0x00000007702d4318,0x0000000773800000)
  from space 15872K, 18% used [0x0000000773800000,0x0000000773aedcd0,0x0000000774780000)
  to   space 16384K, 0% used [0x0000000777080000,0x0000000777080000,0x0000000778080000)
 ParOldGen       total 183808K, used 20952K [0x00000006c2a00000, 0x00000006cdd80000, 0x000000076b900000)
  object space 183808K, 11% used [0x00000006c2a00000,0x00000006c3e76298,0x00000006cdd80000)
 Metaspace       used 43221K, capacity 44140K, committed 44504K, reserved 1087488K
  class space    used 6021K, capacity 6287K, committed 6400K, reserved 1048576K
GC Heap History (10 events):
Event: 4.438 GC heap before
{Heap before GC invocations=5 (full 1):
 PSYoungGen      total 75776K, used 65024K [0x000000076b900000, 0x0000000774d00000, 0x00000007c0000000)
  eden space 65024K, 100% used [0x000000076b900000,0x000000076f880000,0x000000076f880000)
  from space 10752K, 0% used [0x000000076f880000,0x000000076f880000,0x0000000770300000)
  to   space 10752K, 0% used [0x0000000774280000,0x0000000774280000,0x0000000774d00000)
 ParOldGen       total 109568K, used 7726K [0x00000006c2a00000, 0x00000006c9500000, 0x000000076b900000)
  object space 109568K, 7% used [0x00000006c2a00000,0x00000006c318b930,0x00000006c9500000)
 Metaspace       used 26467K, capacity 26920K, committed 27264K, reserved 1073152K
  class space    used 3720K, capacity 3890K, committed 3968K, reserved 1048576K
Event: 4.443 GC heap after
Heap after GC invocations=5 (full 1):
 PSYoungGen      total 100352K, used 6368K [0x000000076b900000, 0x0000000774900000, 0x00000007c0000000)
  eden space 93696K, 0% used [0x000000076b900000,0x000000076b900000,0x0000000771480000)
  from space 6656K, 95% used [0x0000000774280000,0x00000007748b82d8,0x0000000774900000)
  to   space 10752K, 0% used [0x0000000773400000,0x0000000773400000,0x0000000773e80000)
 ParOldGen       total 109568K, used 7798K [0x00000006c2a00000, 0x00000006c9500000, 0x000000076b900000)
  object space 109568K, 7% used [0x00000006c2a00000,0x00000006c319d940,0x00000006c9500000)
 Metaspace       used 26467K, capacity 26920K, committed 27264K, reserved 1073152K
  class space    used 3720K, capacity 3890K, committed 3968K, reserved 1048576K
}
Event: 5.844 GC heap before
{Heap before GC invocations=6 (full 1):
 PSYoungGen      total 100352K, used 100064K [0x000000076b900000, 0x0000000774900000, 0x00000007c0000000)
  eden space 93696K, 100% used [0x000000076b900000,0x0000000771480000,0x0000000771480000)
  from space 6656K, 95% used [0x0000000774280000,0x00000007748b82d8,0x0000000774900000)
  to   space 10752K, 0% used [0x0000000773400000,0x0000000773400000,0x0000000773e80000)
 ParOldGen       total 109568K, used 7798K [0x00000006c2a00000, 0x00000006c9500000, 0x000000076b900000)
  object space 109568K, 7% used [0x00000006c2a00000,0x00000006c319d940,0x00000006c9500000)
 Metaspace       used 31727K, capacity 32220K, committed 32512K, reserved 1077248K
  class space    used 4396K, capacity 4573K, committed 4608K, reserved 1048576K
Event: 5.855 GC heap after
Heap after GC invocations=6 (full 1):
 PSYoungGen      total 136704K, used 9898K [0x000000076b900000, 0x0000000775500000, 0x00000007c0000000)
  eden space 125952K, 0% used [0x000000076b900000,0x000000076b900000,0x0000000773400000)
  from space 10752K, 92% used [0x0000000773400000,0x0000000773daa8c0,0x0000000773e80000)
  to   space 13824K, 0% used [0x0000000774780000,0x0000000774780000,0x0000000775500000)
 ParOldGen       total 109568K, used 7806K [0x00000006c2a00000, 0x00000006c9500000, 0x000000076b900000)
  object space 109568K, 7% used [0x00000006c2a00000,0x00000006c319f940,0x00000006c9500000)
 Metaspace       used 31727K, capacity 32220K, committed 32512K, reserved 1077248K
  class space    used 4396K, capacity 4573K, committed 4608K, reserved 1048576K
}
Event: 6.607 GC heap before
{Heap before GC invocations=7 (full 1):
 PSYoungGen      total 136704K, used 70581K [0x000000076b900000, 0x0000000775500000, 0x00000007c0000000)
  eden space 125952K, 48% used [0x000000076b900000,0x000000076f442d08,0x0000000773400000)
  from space 10752K, 92% used [0x0000000773400000,0x0000000773daa8c0,0x0000000773e80000)
  to   space 13824K, 0% used [0x0000000774780000,0x0000000774780000,0x0000000775500000)
 ParOldGen       total 109568K, used 7806K [0x00000006c2a00000, 0x00000006c9500000, 0x000000076b900000)
  object space 109568K, 7% used [0x00000006c2a00000,0x00000006c319f940,0x00000006c9500000)
 Metaspace       used 34700K, capacity 35226K, committed 35416K, reserved 1079296K
  class space    used 4789K, capacity 4992K, committed 4992K, reserved 1048576K
Event: 6.617 GC heap after
Heap after GC invocations=7 (full 1):
 PSYoungGen      total 143872K, used 13719K [0x000000076b900000, 0x0000000778680000, 0x00000007c0000000)
  eden space 130048K, 0% used [0x000000076b900000,0x000000076b900000,0x0000000773800000)
  from space 13824K, 99% used [0x0000000774780000,0x00000007754e5f10,0x0000000775500000)
  to   space 15872K, 0% used [0x0000000773800000,0x0000000773800000,0x0000000774780000)
 ParOldGen       total 109568K, used 7814K [0x00000006c2a00000, 0x00000006c9500000, 0x000000076b900000)
  object space 109568K, 7% used [0x00000006c2a00000,0x00000006c31a1940,0x00000006c9500000)
 Metaspace       used 34700K, capacity 35226K, committed 35416K, reserved 1079296K
  class space    used 4789K, capacity 4992K, committed 4992K, reserved 1048576K
}
Event: 6.617 GC heap before
{Heap before GC invocations=8 (full 2):
 PSYoungGen      total 143872K, used 13719K [0x000000076b900000, 0x0000000778680000, 0x00000007c0000000)
  eden space 130048K, 0% used [0x000000076b900000,0x000000076b900000,0x0000000773800000)
  from space 13824K, 99% used [0x0000000774780000,0x00000007754e5f10,0x0000000775500000)
  to   space 15872K, 0% used [0x0000000773800000,0x0000000773800000,0x0000000774780000)
 ParOldGen       total 109568K, used 7814K [0x00000006c2a00000, 0x00000006c9500000, 0x000000076b900000)
  object space 109568K, 7% used [0x00000006c2a00000,0x00000006c31a1940,0x00000006c9500000)
 Metaspace       used 34700K, capacity 35226K, committed 35416K, reserved 1079296K
  class space    used 4789K, capacity 4992K, committed 4992K, reserved 1048576K
Event: 6.689 GC heap after
Heap after GC invocations=8 (full 2):
 PSYoungGen      total 143872K, used 0K [0x000000076b900000, 0x0000000778680000, 0x00000007c0000000)
  eden space 130048K, 0% used [0x000000076b900000,0x000000076b900000,0x0000000773800000)
  from space 13824K, 0% used [0x0000000774780000,0x0000000774780000,0x0000000775500000)
  to   space 15872K, 0% used [0x0000000773800000,0x0000000773800000,0x0000000774780000)
 ParOldGen       total 183808K, used 20880K [0x00000006c2a00000, 0x00000006cdd80000, 0x000000076b900000)
  object space 183808K, 11% used [0x00000006c2a00000,0x00000006c3e64288,0x00000006cdd80000)
 Metaspace       used 34700K, capacity 35226K, committed 35416K, reserved 1079296K
  class space    used 4789K, capacity 4992K, committed 4992K, reserved 1048576K
}
Event: 9.404 GC heap before
{Heap before GC invocations=9 (full 2):
 PSYoungGen      total 143872K, used 130048K [0x000000076b900000, 0x0000000778680000, 0x00000007c0000000)
  eden space 130048K, 100% used [0x000000076b900000,0x0000000773800000,0x0000000773800000)
  from space 13824K, 0% used [0x0000000774780000,0x0000000774780000,0x0000000775500000)
  to   space 15872K, 0% used [0x0000000773800000,0x0000000773800000,0x0000000774780000)
 ParOldGen       total 183808K, used 20880K [0x00000006c2a00000, 0x00000006cdd80000, 0x000000076b900000)
  object space 183808K, 11% used [0x00000006c2a00000,0x00000006c3e64288,0x00000006cdd80000)
 Metaspace       used 39868K, capacity 40542K, committed 40920K, reserved 1085440K
  class space    used 5532K, capacity 5792K, committed 5888K, reserved 1048576K
Event: 9.407 GC heap after
Heap after GC invocations=9 (full 2):
 PSYoungGen      total 145920K, used 2999K [0x000000076b900000, 0x0000000778080000, 0x00000007c0000000)
  eden space 130048K, 0% used [0x000000076b900000,0x000000076b900000,0x0000000773800000)
  from space 15872K, 18% used [0x0000000773800000,0x0000000773aedcd0,0x0000000774780000)
  to   space 16384K, 0% used [0x0000000777080000,0x0000000777080000,0x0000000778080000)
 ParOldGen       total 183808K, used 20952K [0x00000006c2a00000, 0x00000006cdd80000, 0x000000076b900000)
  object space 183808K, 11% used [0x00000006c2a00000,0x00000006c3e76298,0x00000006cdd80000)
 Metaspace       used 39868K, capacity 40542K, committed 40920K, reserved 1085440K
  class space    used 5532K, capacity 5792K, committed 5888K, reserved 1048576K
}

